Removed Pin From Net: NetName=+5V Pin=R2-1
Removed Pin From Net: NetName=NetD5_1 Pin=R2-2
Removed Pin From Net: NetName=NetD3_1 Pin=R2-3
Removed Pin From Net: NetName=NetR2_4 Pin=R2-4
Removed Pin From Net: NetName=NetR2_5 Pin=R2-5
Removed Pin From Net: NetName=NetD2_2 Pin=R2-6
Removed Pin From Net: NetName=NetR2_7 Pin=R2-7
Removed Pin From Net: NetName=NetD1_2 Pin=R2-8
Removed Pin From Net: NetName=NetR2_4 Pin=U1-17
Removed Pin From Net: NetName=NetR2_7 Pin=U2-23
Added Pin To Net: NetName=NetR2_4 Pin=R2-1
Added Pin To Net: NetName=NetD1_2 Pin=R2-2
Added Pin To Net: NetName=NetR2_5 Pin=R2-3
Added Pin To Net: NetName=NetD2_2 Pin=R2-4
Added Pin To Net: NetName=NetD3_1 Pin=R2-5
Added Pin To Net: NetName=NetR2_7 Pin=R2-6
Added Pin To Net: NetName=NetD5_1 Pin=R2-7
Added Pin To Net: NetName=+5V Pin=R2-8
Added Pin To Net: NetName=NetR2_7 Pin=U1-17
Added Pin To Net: NetName=NetR2_4 Pin=U2-23
Change Net Name : Old Net Name=NetR2_4 New Net Name=NetR2_1
Change Net Name : Old Net Name=NetR2_5 New Net Name=NetR2_3
Change Net Name : Old Net Name=NetR2_7 New Net Name=NetR2_6
Added Room: Name=ArduinoNano
