Added Component: Designator=C1(CAP CER0805)
Add component. Clean all parameters for all variants
Added Component: Designator=C2(CAP CER0805)
Add component. Clean all parameters for all variants
Added Component: Designator=C3(CAP CER0603)
Add component. Clean all parameters for all variants
Added Component: Designator=C4(CAP CER0805)
Add component. Clean all parameters for all variants
Added Component: Designator=C5(CAP CER1206)
Add component. Clean all parameters for all variants
Added Component: Designator=C6(CAP CER0805)
Add component. Clean all parameters for all variants
Added Component: Designator=C7(CAP CER0603)
Add component. Clean all parameters for all variants
Added Component: Designator=D1(LEDR0805)
Add component. Clean all parameters for all variants
Added Component: Designator=D2(LEDG0805)
Add component. Clean all parameters for all variants
Added Component: Designator=D3(LEDY0805)
Add component. Clean all parameters for all variants
Added Component: Designator=D4(Diode Schottky)
Add component. Clean all parameters for all variants
Added Component: Designator=D5(LEDB0805)
Add component. Clean all parameters for all variants
Added Component: Designator=J1(Headersx1)
Add component. Clean all parameters for all variants
Added Component: Designator=J2(USB-MINI_B)
Add component. Clean all parameters for all variants
Added Component: Designator=J3(Headers2x3)
Add component. Clean all parameters for all variants
Added Component: Designator=R1(RES1KX41206)
Add component. Clean all parameters for all variants
Added Component: Designator=R2(RES680x4)
Add component. Clean all parameters for all variants
Added Component: Designator=S1(Switch)
Add component. Clean all parameters for all variants
Added Component: Designator=U1(TQFP80P900X900X120-32N)
Add component. Clean all parameters for all variants
Added Component: Designator=U2(FT232)
Add component. Clean all parameters for all variants
Added Component: Designator=VR1(UA78M)
Add component. Clean all parameters for all variants
Added Component: Designator=Y1(Cristal)
Add component. Clean all parameters for all variants
Added Pin To Net: NetName=+5V Pin=C3-2
Added Pin To Net: NetName=+5V Pin=C4-2
Added Pin To Net: NetName=+5V Pin=D1-1
Added Pin To Net: NetName=+5V Pin=D2-1
Added Pin To Net: NetName=+5V Pin=D4-1
Added Pin To Net: NetName=+5V Pin=J1-5V
Added Pin To Net: NetName=+5V Pin=J3-4
Added Pin To Net: NetName=+5V Pin=R1-2
Added Pin To Net: NetName=+5V Pin=R2-1
Added Pin To Net: NetName=+5V Pin=U1-4
Added Pin To Net: NetName=+5V Pin=U1-6
Added Pin To Net: NetName=+5V Pin=U1-18
Added Pin To Net: NetName=+5V Pin=U2-4
Added Pin To Net: NetName=+5V Pin=U2-20
Added Pin To Net: NetName=+5V Pin=VR1-3
Added Net: Name=+5V
Added Pin To Net: NetName=3V3 Pin=C5-2
Added Pin To Net: NetName=3V3 Pin=J1-3V3
Added Pin To Net: NetName=3V3 Pin=U2-17
Added Net: Name=3V3
Added Pin To Net: NetName=A0 Pin=J1-A0
Added Pin To Net: NetName=A0 Pin=U1-23
Added Net: Name=A0
Added Pin To Net: NetName=A1 Pin=J1-A1
Added Pin To Net: NetName=A1 Pin=U1-24
Added Net: Name=A1
Added Pin To Net: NetName=A2 Pin=J1-A2
Added Pin To Net: NetName=A2 Pin=U1-25
Added Net: Name=A2
Added Pin To Net: NetName=A3 Pin=J1-A3
Added Pin To Net: NetName=A3 Pin=U1-26
Added Net: Name=A3
Added Pin To Net: NetName=A4 Pin=J1-A4
Added Pin To Net: NetName=A4 Pin=U1-27
Added Net: Name=A4
Added Pin To Net: NetName=A5 Pin=J1-A5
Added Pin To Net: NetName=A5 Pin=U1-28
Added Net: Name=A5
Added Pin To Net: NetName=A6 Pin=J1-A6
Added Pin To Net: NetName=A6 Pin=U1-19
Added Net: Name=A6
Added Pin To Net: NetName=A7 Pin=J1-A7
Added Pin To Net: NetName=A7 Pin=U1-22
Added Net: Name=A7
Added Pin To Net: NetName=AREF Pin=C2-2
Added Pin To Net: NetName=AREF Pin=J1-REF
Added Pin To Net: NetName=AREF Pin=U1-20
Added Net: Name=AREF
Added Pin To Net: NetName=D0/RX Pin=J1-RX0
Added Pin To Net: NetName=D0/RX Pin=R1-3
Added Pin To Net: NetName=D0/RX Pin=U1-30
Added Net: Name=D0/RX
Added Pin To Net: NetName=D1/TX Pin=J1-TX1
Added Pin To Net: NetName=D1/TX Pin=R1-5
Added Pin To Net: NetName=D1/TX Pin=U1-31
Added Net: Name=D1/TX
Added Pin To Net: NetName=D2 Pin=J1-D2
Added Pin To Net: NetName=D2 Pin=U1-32
Added Net: Name=D2
Added Pin To Net: NetName=D3 Pin=J1-D3
Added Pin To Net: NetName=D3 Pin=U1-1
Added Net: Name=D3
Added Pin To Net: NetName=D4 Pin=J1-D4
Added Pin To Net: NetName=D4 Pin=U1-2
Added Net: Name=D4
Added Pin To Net: NetName=D5 Pin=J1-D5
Added Pin To Net: NetName=D5 Pin=U1-9
Added Net: Name=D5
Added Pin To Net: NetName=D6 Pin=J1-D6
Added Pin To Net: NetName=D6 Pin=U1-10
Added Net: Name=D6
Added Pin To Net: NetName=D7 Pin=J1-D7
Added Pin To Net: NetName=D7 Pin=U1-11
Added Net: Name=D7
Added Pin To Net: NetName=D8 Pin=J1-D8
Added Pin To Net: NetName=D8 Pin=U1-12
Added Net: Name=D8
Added Pin To Net: NetName=D9 Pin=J1-D9
Added Pin To Net: NetName=D9 Pin=U1-13
Added Net: Name=D9
Added Pin To Net: NetName=D10 Pin=J1-D10
Added Pin To Net: NetName=D10 Pin=U1-14
Added Net: Name=D10
Added Pin To Net: NetName=D11/MOSI Pin=J1-D11
Added Pin To Net: NetName=D11/MOSI Pin=J3-5
Added Pin To Net: NetName=D11/MOSI Pin=U1-15
Added Net: Name=D11/MOSI
Added Pin To Net: NetName=D12/MISO Pin=J1-D12
Added Pin To Net: NetName=D12/MISO Pin=J3-1
Added Pin To Net: NetName=D12/MISO Pin=U1-16
Added Net: Name=D12/MISO
Added Pin To Net: NetName=D13/SCK Pin=J1-D13
Added Pin To Net: NetName=D13/SCK Pin=J3-2
Added Net: Name=D13/SCK
Added Pin To Net: NetName=GND Pin=C2-1
Added Pin To Net: NetName=GND Pin=C3-1
Added Pin To Net: NetName=GND Pin=C4-1
Added Pin To Net: NetName=GND Pin=C5-1
Added Pin To Net: NetName=GND Pin=C6-2
Added Pin To Net: NetName=GND Pin=C7-1
Added Pin To Net: NetName=GND Pin=D3-2
Added Pin To Net: NetName=GND Pin=D5-2
Added Pin To Net: NetName=GND Pin=J1-GND
Added Pin To Net: NetName=GND Pin=J1-GND
Added Pin To Net: NetName=GND Pin=J2-1
Added Pin To Net: NetName=GND Pin=J2-2
Added Pin To Net: NetName=GND Pin=J2-3
Added Pin To Net: NetName=GND Pin=J2-4
Added Pin To Net: NetName=GND Pin=J2-GND
Added Pin To Net: NetName=GND Pin=J3-6
Added Pin To Net: NetName=GND Pin=S1-2
Added Pin To Net: NetName=GND Pin=U1-3
Added Pin To Net: NetName=GND Pin=U1-5
Added Pin To Net: NetName=GND Pin=U1-21
Added Pin To Net: NetName=GND Pin=U2-7
Added Pin To Net: NetName=GND Pin=U2-18
Added Pin To Net: NetName=GND Pin=U2-21
Added Pin To Net: NetName=GND Pin=U2-25
Added Pin To Net: NetName=GND Pin=U2-26
Added Pin To Net: NetName=GND Pin=VR1-2
Added Pin To Net: NetName=GND Pin=VR1-4
Added Pin To Net: NetName=GND Pin=Y1-2
Added Net: Name=GND
Added Pin To Net: NetName=NetC1_2 Pin=C1-2
Added Pin To Net: NetName=NetC1_2 Pin=U2-2
Added Net: Name=NetC1_2
Added Pin To Net: NetName=NetD1_2 Pin=D1-2
Added Pin To Net: NetName=NetD1_2 Pin=R2-8
Added Net: Name=NetD1_2
Added Pin To Net: NetName=NetD2_2 Pin=D2-2
Added Pin To Net: NetName=NetD2_2 Pin=R2-6
Added Net: Name=NetD2_2
Added Pin To Net: NetName=NetD3_1 Pin=D3-1
Added Pin To Net: NetName=NetD3_1 Pin=R2-3
Added Net: Name=NetD3_1
Added Pin To Net: NetName=NetD5_1 Pin=D5-1
Added Pin To Net: NetName=NetD5_1 Pin=R2-2
Added Net: Name=NetD5_1
Added Pin To Net: NetName=NetJ2_D+ Pin=J2-D+
Added Pin To Net: NetName=NetJ2_D+ Pin=U2-15
Added Net: Name=NetJ2_D+
Added Pin To Net: NetName=NetJ2_D- Pin=J2-D-
Added Pin To Net: NetName=NetJ2_D- Pin=U2-16
Added Net: Name=NetJ2_D-
Added Pin To Net: NetName=NetR2_4 Pin=R2-4
Added Pin To Net: NetName=NetR2_4 Pin=U1-17
Added Net: Name=NetR2_4
Added Pin To Net: NetName=NetR2_5 Pin=R2-5
Added Pin To Net: NetName=NetR2_5 Pin=U2-22
Added Net: Name=NetR2_5
Added Pin To Net: NetName=NetR2_7 Pin=R2-7
Added Pin To Net: NetName=NetR2_7 Pin=U2-23
Added Net: Name=NetR2_7
Added Pin To Net: NetName=NetU1_7 Pin=U1-7
Added Pin To Net: NetName=NetU1_7 Pin=Y1-1
Added Net: Name=NetU1_7
Added Pin To Net: NetName=NetU1_8 Pin=U1-8
Added Pin To Net: NetName=NetU1_8 Pin=Y1-3
Added Net: Name=NetU1_8
Added Pin To Net: NetName=RESET Pin=C1-1
Added Pin To Net: NetName=RESET Pin=J1-RST
Added Pin To Net: NetName=RESET Pin=J1-RST
Added Pin To Net: NetName=RESET Pin=J3-3
Added Pin To Net: NetName=RESET Pin=R1-1
Added Pin To Net: NetName=RESET Pin=S1-1
Added Pin To Net: NetName=RESET Pin=U1-29
Added Net: Name=RESET
Added Pin To Net: NetName=RX Pin=R1-4
Added Pin To Net: NetName=RX Pin=U2-1
Added Net: Name=RX
Added Pin To Net: NetName=TX Pin=R1-6
Added Pin To Net: NetName=TX Pin=U2-5
Added Net: Name=TX
Added Pin To Net: NetName=VCC Pin=C6-1
Added Pin To Net: NetName=VCC Pin=C7-2
Added Pin To Net: NetName=VCC Pin=J2-VBUS
Added Net: Name=VCC
Added Pin To Net: NetName=VIN Pin=J1-VIN
Added Pin To Net: NetName=VIN Pin=VR1-1
Added Net: Name=VIN
Added Pin To Net: NetName=VUSB Pin=D4-2
Added Net: Name=VUSB
Added Class: Name=ArduinoNano
Added Room: Name=ArduinoNano
